<?xml version="1.0" encoding="UTF-8"?>
<!-- Generated by org.testng.reporters.JUnitReportReporter -->
<testsuite hostname="ManojLaptop" failures="0" tests="1" name="com.cucumber.framework.runner.CheckersGameRunner" time="45.029" errors="0" timestamp="2024-02-28T09:13:44 EST" skipped="0">
  <testcase classname="com.cucumber.framework.runner.CheckersGameRunner" name="feature" time="45.029"/>
  <system-out/>
</testsuite> <!-- com.cucumber.framework.runner.CheckersGameRunner -->
